The target system is: Generic -  - 
The host system is: Linux - 6.5.0-18-generic - x86_64
Compiling the C compiler identification source file "CMakeCCompilerId.c" succeeded.
Compiler: /opt/zephyr-sdk-0.16.5/xtensa-espressif_esp32_zephyr-elf/bin/xtensa-espressif_esp32_zephyr-elf-gcc 
Build flags: -mlongcalls;-Wno-frame-address
Id flags: -c 

The output was:
0


Compilation of the C compiler identification source "CMakeCCompilerId.c" produced "CMakeCCompilerId.o"

The C compiler identification is GNU, found in "/home/tejasmk-tkp/Documents/RTOS_Learn/build/esp-idf/build/bootloader/CMakeFiles/3.22.1/CompilerIdC/CMakeCCompilerId.o"

Compiling the CXX compiler identification source file "CMakeCXXCompilerId.cpp" succeeded.
Compiler: /opt/zephyr-sdk-0.16.5/xtensa-espressif_esp32_zephyr-elf/bin/xtensa-espressif_esp32_zephyr-elf-g++ 
Build flags: -mlongcalls;-Wno-frame-address
Id flags: -c 

The output was:
0


Compilation of the CXX compiler identification source "CMakeCXXCompilerId.cpp" produced "CMakeCXXCompilerId.o"

The CXX compiler identification is GNU, found in "/home/tejasmk-tkp/Documents/RTOS_Learn/build/esp-idf/build/bootloader/CMakeFiles/3.22.1/CompilerIdCXX/CMakeCXXCompilerId.o"

Checking whether the ASM compiler is GNU using "--version" matched "(GNU assembler)|(GCC)|(Free Software Foundation)":
xtensa-espressif_esp32_zephyr-elf-gcc (Zephyr SDK 0.16.5) 12.2.0
Copyright (C) 2022 Free Software Foundation, Inc.
This is free software; see the source for copying conditions.  There is NO
warranty; not even for MERCHANTABILITY or FITNESS FOR A PARTICULAR PURPOSE.

Detecting C compiler ABI info compiled with the following output:
Change Dir: /home/tejasmk-tkp/Documents/RTOS_Learn/build/esp-idf/build/bootloader/CMakeFiles/CMakeTmp

Run Build Command(s):/usr/bin/ninja cmTC_3e168 && [1/2] Building C object CMakeFiles/cmTC_3e168.dir/CMakeCCompilerABI.c.obj
Using built-in specs.
COLLECT_GCC=/opt/zephyr-sdk-0.16.5/xtensa-espressif_esp32_zephyr-elf/bin/xtensa-espressif_esp32_zephyr-elf-gcc
Target: xtensa-espressif_esp32_zephyr-elf
Configured with: /__w/_temp/workspace/build/.build/xtensa-espressif_esp32_zephyr-elf/src/gcc/configure --build=x86_64-build_pc-linux-gnu --host=x86_64-build_pc-linux-gnu --target=xtensa-espressif_esp32_zephyr-elf --prefix=/__w/_temp/workspace/output/xtensa-espressif_esp32_zephyr-elf --exec_prefix=/__w/_temp/workspace/output/xtensa-espressif_esp32_zephyr-elf --with-local-prefix=/__w/_temp/workspace/output/xtensa-espressif_esp32_zephyr-elf/xtensa-espressif_esp32_zephyr-elf --with-headers=/__w/_temp/workspace/output/xtensa-espressif_esp32_zephyr-elf/xtensa-espressif_esp32_zephyr-elf/include --with-newlib --enable-threads=no --disable-shared --with-pkgversion='Zephyr SDK 0.16.5' --with-bugurl=https://github.com/zephyrproject-rtos/sdk-ng/issues --enable-__cxa_atexit --disable-libgomp --disable-libmudflap --disable-libmpx --disable-libssp --disable-libquadmath --disable-libquadmath-support --disable-libstdcxx-verbose --with-gmp=/__w/_temp/workspace/build/.build/xtensa-espressif_esp32_zephyr-elf/buildtools --with-mpfr=/__w/_temp/workspace/build/.build/xtensa-espressif_esp32_zephyr-elf/buildtools --with-mpc=/__w/_temp/workspace/build/.build/xtensa-espressif_esp32_zephyr-elf/buildtools --with-isl=/__w/_temp/workspace/build/.build/xtensa-espressif_esp32_zephyr-elf/buildtools --enable-lto --enable-target-optspace --disable-nls --disable-tls --disable-multilib --enable-languages=c,c++ --with-gnu-ld --with-gnu-as --enable-initfini-array
Thread model: single
Supported LTO compression algorithms: zlib
gcc version 12.2.0 (Zephyr SDK 0.16.5) 
COLLECT_GCC_OPTIONS='-mlongcalls' '-Wno-frame-address' '-v' '-o' 'CMakeFiles/cmTC_3e168.dir/CMakeCCompilerABI.c.obj' '-c' '-dumpdir' 'CMakeFiles/cmTC_3e168.dir/'
 /opt/zephyr-sdk-0.16.5/xtensa-espressif_esp32_zephyr-elf/bin/../libexec/gcc/xtensa-espressif_esp32_zephyr-elf/12.2.0/cc1 -quiet -v -iprefix /opt/zephyr-sdk-0.16.5/xtensa-espressif_esp32_zephyr-elf/bin/../lib/gcc/xtensa-espressif_esp32_zephyr-elf/12.2.0/ /usr/share/cmake-3.22/Modules/CMakeCCompilerABI.c -quiet -dumpdir CMakeFiles/cmTC_3e168.dir/ -dumpbase CMakeCCompilerABI.c.c -dumpbase-ext .c -mlongcalls -Wno-frame-address -version -o /tmp/ccU09bPV.s
GNU C17 (Zephyr SDK 0.16.5) version 12.2.0 (xtensa-espressif_esp32_zephyr-elf)
	compiled by GNU C version 7.5.0, GMP version 6.2.1, MPFR version 4.1.0, MPC version 1.2.1, isl version isl-0.24-GMP

GGC heuristics: --param ggc-min-expand=100 --param ggc-min-heapsize=131072
ignoring duplicate directory "/opt/zephyr-sdk-0.16.5/xtensa-espressif_esp32_zephyr-elf/bin/../lib/gcc/../../lib/gcc/xtensa-espressif_esp32_zephyr-elf/12.2.0/include"
ignoring duplicate directory "/opt/zephyr-sdk-0.16.5/xtensa-espressif_esp32_zephyr-elf/bin/../lib/gcc/../../lib/gcc/xtensa-espressif_esp32_zephyr-elf/12.2.0/include-fixed"
ignoring duplicate directory "/opt/zephyr-sdk-0.16.5/xtensa-espressif_esp32_zephyr-elf/bin/../lib/gcc/../../lib/gcc/xtensa-espressif_esp32_zephyr-elf/12.2.0/../../../../xtensa-espressif_esp32_zephyr-elf/sys-include"
ignoring duplicate directory "/opt/zephyr-sdk-0.16.5/xtensa-espressif_esp32_zephyr-elf/bin/../lib/gcc/../../lib/gcc/xtensa-espressif_esp32_zephyr-elf/12.2.0/../../../../xtensa-espressif_esp32_zephyr-elf/include"
#include "..." search starts here:
#include <...> search starts here:
 /opt/zephyr-sdk-0.16.5/xtensa-espressif_esp32_zephyr-elf/bin/../lib/gcc/xtensa-espressif_esp32_zephyr-elf/12.2.0/include
 /opt/zephyr-sdk-0.16.5/xtensa-espressif_esp32_zephyr-elf/bin/../lib/gcc/xtensa-espressif_esp32_zephyr-elf/12.2.0/include-fixed
 /opt/zephyr-sdk-0.16.5/xtensa-espressif_esp32_zephyr-elf/bin/../lib/gcc/xtensa-espressif_esp32_zephyr-elf/12.2.0/../../../../xtensa-espressif_esp32_zephyr-elf/sys-include
 /opt/zephyr-sdk-0.16.5/xtensa-espressif_esp32_zephyr-elf/bin/../lib/gcc/xtensa-espressif_esp32_zephyr-elf/12.2.0/../../../../xtensa-espressif_esp32_zephyr-elf/include
End of search list.
GNU C17 (Zephyr SDK 0.16.5) version 12.2.0 (xtensa-espressif_esp32_zephyr-elf)
	compiled by GNU C version 7.5.0, GMP version 6.2.1, MPFR version 4.1.0, MPC version 1.2.1, isl version isl-0.24-GMP

GGC heuristics: --param ggc-min-expand=100 --param ggc-min-heapsize=131072
Compiler executable checksum: b35a0d6fd4b3e699f2f10335b24eff93
COLLECT_GCC_OPTIONS='-mlongcalls' '-Wno-frame-address' '-v' '-o' 'CMakeFiles/cmTC_3e168.dir/CMakeCCompilerABI.c.obj' '-c' '-dumpdir' 'CMakeFiles/cmTC_3e168.dir/'
 /opt/zephyr-sdk-0.16.5/xtensa-espressif_esp32_zephyr-elf/bin/../lib/gcc/xtensa-espressif_esp32_zephyr-elf/12.2.0/../../../../xtensa-espressif_esp32_zephyr-elf/bin/as -v --traditional-format --longcalls -o CMakeFiles/cmTC_3e168.dir/CMakeCCompilerABI.c.obj /tmp/ccU09bPV.s
GNU assembler version 2.38 (xtensa-espressif_esp32_zephyr-elf) using BFD version (Zephyr SDK 0.16.5) 2.38
COMPILER_PATH=/opt/zephyr-sdk-0.16.5/xtensa-espressif_esp32_zephyr-elf/bin/../libexec/gcc/xtensa-espressif_esp32_zephyr-elf/12.2.0/:/opt/zephyr-sdk-0.16.5/xtensa-espressif_esp32_zephyr-elf/bin/../libexec/gcc/:/opt/zephyr-sdk-0.16.5/xtensa-espressif_esp32_zephyr-elf/bin/../lib/gcc/xtensa-espressif_esp32_zephyr-elf/12.2.0/../../../../xtensa-espressif_esp32_zephyr-elf/bin/
LIBRARY_PATH=/opt/zephyr-sdk-0.16.5/xtensa-espressif_esp32_zephyr-elf/bin/../lib/gcc/xtensa-espressif_esp32_zephyr-elf/12.2.0/:/opt/zephyr-sdk-0.16.5/xtensa-espressif_esp32_zephyr-elf/bin/../lib/gcc/:/opt/zephyr-sdk-0.16.5/xtensa-espressif_esp32_zephyr-elf/bin/../lib/gcc/xtensa-espressif_esp32_zephyr-elf/12.2.0/../../../../xtensa-espressif_esp32_zephyr-elf/lib/
COLLECT_GCC_OPTIONS='-mlongcalls' '-Wno-frame-address' '-v' '-o' 'CMakeFiles/cmTC_3e168.dir/CMakeCCompilerABI.c.obj' '-c' '-dumpdir' 'CMakeFiles/cmTC_3e168.dir/CMakeCCompilerABI.c.'
[2/2] Linking C executable cmTC_3e168
Using built-in specs.
COLLECT_GCC=/opt/zephyr-sdk-0.16.5/xtensa-espressif_esp32_zephyr-elf/bin/xtensa-espressif_esp32_zephyr-elf-gcc
COLLECT_LTO_WRAPPER=/opt/zephyr-sdk-0.16.5/xtensa-espressif_esp32_zephyr-elf/bin/../libexec/gcc/xtensa-espressif_esp32_zephyr-elf/12.2.0/lto-wrapper
Target: xtensa-espressif_esp32_zephyr-elf
Configured with: /__w/_temp/workspace/build/.build/xtensa-espressif_esp32_zephyr-elf/src/gcc/configure --build=x86_64-build_pc-linux-gnu --host=x86_64-build_pc-linux-gnu --target=xtensa-espressif_esp32_zephyr-elf --prefix=/__w/_temp/workspace/output/xtensa-espressif_esp32_zephyr-elf --exec_prefix=/__w/_temp/workspace/output/xtensa-espressif_esp32_zephyr-elf --with-local-prefix=/__w/_temp/workspace/output/xtensa-espressif_esp32_zephyr-elf/xtensa-espressif_esp32_zephyr-elf --with-headers=/__w/_temp/workspace/output/xtensa-espressif_esp32_zephyr-elf/xtensa-espressif_esp32_zephyr-elf/include --with-newlib --enable-threads=no --disable-shared --with-pkgversion='Zephyr SDK 0.16.5' --with-bugurl=https://github.com/zephyrproject-rtos/sdk-ng/issues --enable-__cxa_atexit --disable-libgomp --disable-libmudflap --disable-libmpx --disable-libssp --disable-libquadmath --disable-libquadmath-support --disable-libstdcxx-verbose --with-gmp=/__w/_temp/workspace/build/.build/xtensa-espressif_esp32_zephyr-elf/buildtools --with-mpfr=/__w/_temp/workspace/build/.build/xtensa-espressif_esp32_zephyr-elf/buildtools --with-mpc=/__w/_temp/workspace/build/.build/xtensa-espressif_esp32_zephyr-elf/buildtools --with-isl=/__w/_temp/workspace/build/.build/xtensa-espressif_esp32_zephyr-elf/buildtools --enable-lto --enable-target-optspace --disable-nls --disable-tls --disable-multilib --enable-languages=c,c++ --with-gnu-ld --with-gnu-as --enable-initfini-array
Thread model: single
Supported LTO compression algorithms: zlib
gcc version 12.2.0 (Zephyr SDK 0.16.5) 
COMPILER_PATH=/opt/zephyr-sdk-0.16.5/xtensa-espressif_esp32_zephyr-elf/bin/../libexec/gcc/xtensa-espressif_esp32_zephyr-elf/12.2.0/:/opt/zephyr-sdk-0.16.5/xtensa-espressif_esp32_zephyr-elf/bin/../libexec/gcc/:/opt/zephyr-sdk-0.16.5/xtensa-espressif_esp32_zephyr-elf/bin/../lib/gcc/xtensa-espressif_esp32_zephyr-elf/12.2.0/../../../../xtensa-espressif_esp32_zephyr-elf/bin/
LIBRARY_PATH=/opt/zephyr-sdk-0.16.5/xtensa-espressif_esp32_zephyr-elf/bin/../lib/gcc/xtensa-espressif_esp32_zephyr-elf/12.2.0/:/opt/zephyr-sdk-0.16.5/xtensa-espressif_esp32_zephyr-elf/bin/../lib/gcc/:/opt/zephyr-sdk-0.16.5/xtensa-espressif_esp32_zephyr-elf/bin/../lib/gcc/xtensa-espressif_esp32_zephyr-elf/12.2.0/../../../../xtensa-espressif_esp32_zephyr-elf/lib/
COLLECT_GCC_OPTIONS='-mlongcalls' '-Wno-frame-address' '-nostartfiles' '-nodefaultlibs' '-v' '-o' 'cmTC_3e168' '-dumpdir' 'cmTC_3e168.'
 /opt/zephyr-sdk-0.16.5/xtensa-espressif_esp32_zephyr-elf/bin/../libexec/gcc/xtensa-espressif_esp32_zephyr-elf/12.2.0/collect2 -plugin /opt/zephyr-sdk-0.16.5/xtensa-espressif_esp32_zephyr-elf/bin/../libexec/gcc/xtensa-espressif_esp32_zephyr-elf/12.2.0/liblto_plugin.so -plugin-opt=/opt/zephyr-sdk-0.16.5/xtensa-espressif_esp32_zephyr-elf/bin/../libexec/gcc/xtensa-espressif_esp32_zephyr-elf/12.2.0/lto-wrapper -plugin-opt=-fresolution=/tmp/ccC3vFP8.res -o cmTC_3e168 -L/opt/zephyr-sdk-0.16.5/xtensa-espressif_esp32_zephyr-elf/bin/../lib/gcc/xtensa-espressif_esp32_zephyr-elf/12.2.0 -L/opt/zephyr-sdk-0.16.5/xtensa-espressif_esp32_zephyr-elf/bin/../lib/gcc -L/opt/zephyr-sdk-0.16.5/xtensa-espressif_esp32_zephyr-elf/bin/../lib/gcc/xtensa-espressif_esp32_zephyr-elf/12.2.0/../../../../xtensa-espressif_esp32_zephyr-elf/lib CMakeFiles/cmTC_3e168.dir/CMakeCCompilerABI.c.obj
/opt/zephyr-sdk-0.16.5/xtensa-espressif_esp32_zephyr-elf/bin/../lib/gcc/xtensa-espressif_esp32_zephyr-elf/12.2.0/../../../../xtensa-espressif_esp32_zephyr-elf/bin/ld: warning: cannot find entry symbol _start; defaulting to 0000000000400054
COLLECT_GCC_OPTIONS='-mlongcalls' '-Wno-frame-address' '-nostartfiles' '-nodefaultlibs' '-v' '-o' 'cmTC_3e168' '-dumpdir' 'cmTC_3e168.'



Parsed C implicit include dir info from above output: rv=done
  found start of include info
  found start of implicit include info
    add: [/opt/zephyr-sdk-0.16.5/xtensa-espressif_esp32_zephyr-elf/bin/../lib/gcc/xtensa-espressif_esp32_zephyr-elf/12.2.0/include]
    add: [/opt/zephyr-sdk-0.16.5/xtensa-espressif_esp32_zephyr-elf/bin/../lib/gcc/xtensa-espressif_esp32_zephyr-elf/12.2.0/include-fixed]
    add: [/opt/zephyr-sdk-0.16.5/xtensa-espressif_esp32_zephyr-elf/bin/../lib/gcc/xtensa-espressif_esp32_zephyr-elf/12.2.0/../../../../xtensa-espressif_esp32_zephyr-elf/sys-include]
    add: [/opt/zephyr-sdk-0.16.5/xtensa-espressif_esp32_zephyr-elf/bin/../lib/gcc/xtensa-espressif_esp32_zephyr-elf/12.2.0/../../../../xtensa-espressif_esp32_zephyr-elf/include]
  end of search list found
  collapse include dir [/opt/zephyr-sdk-0.16.5/xtensa-espressif_esp32_zephyr-elf/bin/../lib/gcc/xtensa-espressif_esp32_zephyr-elf/12.2.0/include] ==> [/opt/zephyr-sdk-0.16.5/xtensa-espressif_esp32_zephyr-elf/lib/gcc/xtensa-espressif_esp32_zephyr-elf/12.2.0/include]
  collapse include dir [/opt/zephyr-sdk-0.16.5/xtensa-espressif_esp32_zephyr-elf/bin/../lib/gcc/xtensa-espressif_esp32_zephyr-elf/12.2.0/include-fixed] ==> [/opt/zephyr-sdk-0.16.5/xtensa-espressif_esp32_zephyr-elf/lib/gcc/xtensa-espressif_esp32_zephyr-elf/12.2.0/include-fixed]
  collapse include dir [/opt/zephyr-sdk-0.16.5/xtensa-espressif_esp32_zephyr-elf/bin/../lib/gcc/xtensa-espressif_esp32_zephyr-elf/12.2.0/../../../../xtensa-espressif_esp32_zephyr-elf/sys-include] ==> [/opt/zephyr-sdk-0.16.5/xtensa-espressif_esp32_zephyr-elf/xtensa-espressif_esp32_zephyr-elf/sys-include]
  collapse include dir [/opt/zephyr-sdk-0.16.5/xtensa-espressif_esp32_zephyr-elf/bin/../lib/gcc/xtensa-espressif_esp32_zephyr-elf/12.2.0/../../../../xtensa-espressif_esp32_zephyr-elf/include] ==> [/opt/zephyr-sdk-0.16.5/xtensa-espressif_esp32_zephyr-elf/xtensa-espressif_esp32_zephyr-elf/include]
  implicit include dirs: [/opt/zephyr-sdk-0.16.5/xtensa-espressif_esp32_zephyr-elf/lib/gcc/xtensa-espressif_esp32_zephyr-elf/12.2.0/include;/opt/zephyr-sdk-0.16.5/xtensa-espressif_esp32_zephyr-elf/lib/gcc/xtensa-espressif_esp32_zephyr-elf/12.2.0/include-fixed;/opt/zephyr-sdk-0.16.5/xtensa-espressif_esp32_zephyr-elf/xtensa-espressif_esp32_zephyr-elf/sys-include;/opt/zephyr-sdk-0.16.5/xtensa-espressif_esp32_zephyr-elf/xtensa-espressif_esp32_zephyr-elf/include]


Parsed C implicit link information from above output:
  link line regex: [^( *|.*[/\])(xtensa-espressif_esp32_zephyr-elf-ld|CMAKE_LINK_STARTFILE-NOTFOUND|([^/\]+-)?ld|collect2)[^/\]*( |$)]
  ignore line: [Change Dir: /home/tejasmk-tkp/Documents/RTOS_Learn/build/esp-idf/build/bootloader/CMakeFiles/CMakeTmp]
  ignore line: []
  ignore line: [Run Build Command(s):/usr/bin/ninja cmTC_3e168 && [1/2] Building C object CMakeFiles/cmTC_3e168.dir/CMakeCCompilerABI.c.obj]
  ignore line: [Using built-in specs.]
  ignore line: [COLLECT_GCC=/opt/zephyr-sdk-0.16.5/xtensa-espressif_esp32_zephyr-elf/bin/xtensa-espressif_esp32_zephyr-elf-gcc]
  ignore line: [Target: xtensa-espressif_esp32_zephyr-elf]
  ignore line: [Configured with: /__w/_temp/workspace/build/.build/xtensa-espressif_esp32_zephyr-elf/src/gcc/configure --build=x86_64-build_pc-linux-gnu --host=x86_64-build_pc-linux-gnu --target=xtensa-espressif_esp32_zephyr-elf --prefix=/__w/_temp/workspace/output/xtensa-espressif_esp32_zephyr-elf --exec_prefix=/__w/_temp/workspace/output/xtensa-espressif_esp32_zephyr-elf --with-local-prefix=/__w/_temp/workspace/output/xtensa-espressif_esp32_zephyr-elf/xtensa-espressif_esp32_zephyr-elf --with-headers=/__w/_temp/workspace/output/xtensa-espressif_esp32_zephyr-elf/xtensa-espressif_esp32_zephyr-elf/include --with-newlib --enable-threads=no --disable-shared --with-pkgversion='Zephyr SDK 0.16.5' --with-bugurl=https://github.com/zephyrproject-rtos/sdk-ng/issues --enable-__cxa_atexit --disable-libgomp --disable-libmudflap --disable-libmpx --disable-libssp --disable-libquadmath --disable-libquadmath-support --disable-libstdcxx-verbose --with-gmp=/__w/_temp/workspace/build/.build/xtensa-espressif_esp32_zephyr-elf/buildtools --with-mpfr=/__w/_temp/workspace/build/.build/xtensa-espressif_esp32_zephyr-elf/buildtools --with-mpc=/__w/_temp/workspace/build/.build/xtensa-espressif_esp32_zephyr-elf/buildtools --with-isl=/__w/_temp/workspace/build/.build/xtensa-espressif_esp32_zephyr-elf/buildtools --enable-lto --enable-target-optspace --disable-nls --disable-tls --disable-multilib --enable-languages=c,c++ --with-gnu-ld --with-gnu-as --enable-initfini-array]
  ignore line: [Thread model: single]
  ignore line: [Supported LTO compression algorithms: zlib]
  ignore line: [gcc version 12.2.0 (Zephyr SDK 0.16.5) ]
  ignore line: [COLLECT_GCC_OPTIONS='-mlongcalls' '-Wno-frame-address' '-v' '-o' 'CMakeFiles/cmTC_3e168.dir/CMakeCCompilerABI.c.obj' '-c' '-dumpdir' 'CMakeFiles/cmTC_3e168.dir/']
  ignore line: [ /opt/zephyr-sdk-0.16.5/xtensa-espressif_esp32_zephyr-elf/bin/../libexec/gcc/xtensa-espressif_esp32_zephyr-elf/12.2.0/cc1 -quiet -v -iprefix /opt/zephyr-sdk-0.16.5/xtensa-espressif_esp32_zephyr-elf/bin/../lib/gcc/xtensa-espressif_esp32_zephyr-elf/12.2.0/ /usr/share/cmake-3.22/Modules/CMakeCCompilerABI.c -quiet -dumpdir CMakeFiles/cmTC_3e168.dir/ -dumpbase CMakeCCompilerABI.c.c -dumpbase-ext .c -mlongcalls -Wno-frame-address -version -o /tmp/ccU09bPV.s]
  ignore line: [GNU C17 (Zephyr SDK 0.16.5) version 12.2.0 (xtensa-espressif_esp32_zephyr-elf)]
  ignore line: [	compiled by GNU C version 7.5.0  GMP version 6.2.1  MPFR version 4.1.0  MPC version 1.2.1  isl version isl-0.24-GMP]
  ignore line: []
  ignore line: [GGC heuristics: --param ggc-min-expand=100 --param ggc-min-heapsize=131072]
  ignore line: [ignoring duplicate directory "/opt/zephyr-sdk-0.16.5/xtensa-espressif_esp32_zephyr-elf/bin/../lib/gcc/../../lib/gcc/xtensa-espressif_esp32_zephyr-elf/12.2.0/include"]
  ignore line: [ignoring duplicate directory "/opt/zephyr-sdk-0.16.5/xtensa-espressif_esp32_zephyr-elf/bin/../lib/gcc/../../lib/gcc/xtensa-espressif_esp32_zephyr-elf/12.2.0/include-fixed"]
  ignore line: [ignoring duplicate directory "/opt/zephyr-sdk-0.16.5/xtensa-espressif_esp32_zephyr-elf/bin/../lib/gcc/../../lib/gcc/xtensa-espressif_esp32_zephyr-elf/12.2.0/../../../../xtensa-espressif_esp32_zephyr-elf/sys-include"]
  ignore line: [ignoring duplicate directory "/opt/zephyr-sdk-0.16.5/xtensa-espressif_esp32_zephyr-elf/bin/../lib/gcc/../../lib/gcc/xtensa-espressif_esp32_zephyr-elf/12.2.0/../../../../xtensa-espressif_esp32_zephyr-elf/include"]
  ignore line: [#include "..." search starts here:]
  ignore line: [#include <...> search starts here:]
  ignore line: [ /opt/zephyr-sdk-0.16.5/xtensa-espressif_esp32_zephyr-elf/bin/../lib/gcc/xtensa-espressif_esp32_zephyr-elf/12.2.0/include]
  ignore line: [ /opt/zephyr-sdk-0.16.5/xtensa-espressif_esp32_zephyr-elf/bin/../lib/gcc/xtensa-espressif_esp32_zephyr-elf/12.2.0/include-fixed]
  ignore line: [ /opt/zephyr-sdk-0.16.5/xtensa-espressif_esp32_zephyr-elf/bin/../lib/gcc/xtensa-espressif_esp32_zephyr-elf/12.2.0/../../../../xtensa-espressif_esp32_zephyr-elf/sys-include]
  ignore line: [ /opt/zephyr-sdk-0.16.5/xtensa-espressif_esp32_zephyr-elf/bin/../lib/gcc/xtensa-espressif_esp32_zephyr-elf/12.2.0/../../../../xtensa-espressif_esp32_zephyr-elf/include]
  ignore line: [End of search list.]
  ignore line: [GNU C17 (Zephyr SDK 0.16.5) version 12.2.0 (xtensa-espressif_esp32_zephyr-elf)]
  ignore line: [	compiled by GNU C version 7.5.0  GMP version 6.2.1  MPFR version 4.1.0  MPC version 1.2.1  isl version isl-0.24-GMP]
  ignore line: []
  ignore line: [GGC heuristics: --param ggc-min-expand=100 --param ggc-min-heapsize=131072]
  ignore line: [Compiler executable checksum: b35a0d6fd4b3e699f2f10335b24eff93]
  ignore line: [COLLECT_GCC_OPTIONS='-mlongcalls' '-Wno-frame-address' '-v' '-o' 'CMakeFiles/cmTC_3e168.dir/CMakeCCompilerABI.c.obj' '-c' '-dumpdir' 'CMakeFiles/cmTC_3e168.dir/']
  ignore line: [ /opt/zephyr-sdk-0.16.5/xtensa-espressif_esp32_zephyr-elf/bin/../lib/gcc/xtensa-espressif_esp32_zephyr-elf/12.2.0/../../../../xtensa-espressif_esp32_zephyr-elf/bin/as -v --traditional-format --longcalls -o CMakeFiles/cmTC_3e168.dir/CMakeCCompilerABI.c.obj /tmp/ccU09bPV.s]
  ignore line: [GNU assembler version 2.38 (xtensa-espressif_esp32_zephyr-elf) using BFD version (Zephyr SDK 0.16.5) 2.38]
  ignore line: [COMPILER_PATH=/opt/zephyr-sdk-0.16.5/xtensa-espressif_esp32_zephyr-elf/bin/../libexec/gcc/xtensa-espressif_esp32_zephyr-elf/12.2.0/:/opt/zephyr-sdk-0.16.5/xtensa-espressif_esp32_zephyr-elf/bin/../libexec/gcc/:/opt/zephyr-sdk-0.16.5/xtensa-espressif_esp32_zephyr-elf/bin/../lib/gcc/xtensa-espressif_esp32_zephyr-elf/12.2.0/../../../../xtensa-espressif_esp32_zephyr-elf/bin/]
  ignore line: [LIBRARY_PATH=/opt/zephyr-sdk-0.16.5/xtensa-espressif_esp32_zephyr-elf/bin/../lib/gcc/xtensa-espressif_esp32_zephyr-elf/12.2.0/:/opt/zephyr-sdk-0.16.5/xtensa-espressif_esp32_zephyr-elf/bin/../lib/gcc/:/opt/zephyr-sdk-0.16.5/xtensa-espressif_esp32_zephyr-elf/bin/../lib/gcc/xtensa-espressif_esp32_zephyr-elf/12.2.0/../../../../xtensa-espressif_esp32_zephyr-elf/lib/]
  ignore line: [COLLECT_GCC_OPTIONS='-mlongcalls' '-Wno-frame-address' '-v' '-o' 'CMakeFiles/cmTC_3e168.dir/CMakeCCompilerABI.c.obj' '-c' '-dumpdir' 'CMakeFiles/cmTC_3e168.dir/CMakeCCompilerABI.c.']
  ignore line: [[2/2] Linking C executable cmTC_3e168]
  ignore line: [Using built-in specs.]
  ignore line: [COLLECT_GCC=/opt/zephyr-sdk-0.16.5/xtensa-espressif_esp32_zephyr-elf/bin/xtensa-espressif_esp32_zephyr-elf-gcc]
  ignore line: [COLLECT_LTO_WRAPPER=/opt/zephyr-sdk-0.16.5/xtensa-espressif_esp32_zephyr-elf/bin/../libexec/gcc/xtensa-espressif_esp32_zephyr-elf/12.2.0/lto-wrapper]
  ignore line: [Target: xtensa-espressif_esp32_zephyr-elf]
  ignore line: [Configured with: /__w/_temp/workspace/build/.build/xtensa-espressif_esp32_zephyr-elf/src/gcc/configure --build=x86_64-build_pc-linux-gnu --host=x86_64-build_pc-linux-gnu --target=xtensa-espressif_esp32_zephyr-elf --prefix=/__w/_temp/workspace/output/xtensa-espressif_esp32_zephyr-elf --exec_prefix=/__w/_temp/workspace/output/xtensa-espressif_esp32_zephyr-elf --with-local-prefix=/__w/_temp/workspace/output/xtensa-espressif_esp32_zephyr-elf/xtensa-espressif_esp32_zephyr-elf --with-headers=/__w/_temp/workspace/output/xtensa-espressif_esp32_zephyr-elf/xtensa-espressif_esp32_zephyr-elf/include --with-newlib --enable-threads=no --disable-shared --with-pkgversion='Zephyr SDK 0.16.5' --with-bugurl=https://github.com/zephyrproject-rtos/sdk-ng/issues --enable-__cxa_atexit --disable-libgomp --disable-libmudflap --disable-libmpx --disable-libssp --disable-libquadmath --disable-libquadmath-support --disable-libstdcxx-verbose --with-gmp=/__w/_temp/workspace/build/.build/xtensa-espressif_esp32_zephyr-elf/buildtools --with-mpfr=/__w/_temp/workspace/build/.build/xtensa-espressif_esp32_zephyr-elf/buildtools --with-mpc=/__w/_temp/workspace/build/.build/xtensa-espressif_esp32_zephyr-elf/buildtools --with-isl=/__w/_temp/workspace/build/.build/xtensa-espressif_esp32_zephyr-elf/buildtools --enable-lto --enable-target-optspace --disable-nls --disable-tls --disable-multilib --enable-languages=c,c++ --with-gnu-ld --with-gnu-as --enable-initfini-array]
  ignore line: [Thread model: single]
  ignore line: [Supported LTO compression algorithms: zlib]
  ignore line: [gcc version 12.2.0 (Zephyr SDK 0.16.5) ]
  ignore line: [COMPILER_PATH=/opt/zephyr-sdk-0.16.5/xtensa-espressif_esp32_zephyr-elf/bin/../libexec/gcc/xtensa-espressif_esp32_zephyr-elf/12.2.0/:/opt/zephyr-sdk-0.16.5/xtensa-espressif_esp32_zephyr-elf/bin/../libexec/gcc/:/opt/zephyr-sdk-0.16.5/xtensa-espressif_esp32_zephyr-elf/bin/../lib/gcc/xtensa-espressif_esp32_zephyr-elf/12.2.0/../../../../xtensa-espressif_esp32_zephyr-elf/bin/]
  ignore line: [LIBRARY_PATH=/opt/zephyr-sdk-0.16.5/xtensa-espressif_esp32_zephyr-elf/bin/../lib/gcc/xtensa-espressif_esp32_zephyr-elf/12.2.0/:/opt/zephyr-sdk-0.16.5/xtensa-espressif_esp32_zephyr-elf/bin/../lib/gcc/:/opt/zephyr-sdk-0.16.5/xtensa-espressif_esp32_zephyr-elf/bin/../lib/gcc/xtensa-espressif_esp32_zephyr-elf/12.2.0/../../../../xtensa-espressif_esp32_zephyr-elf/lib/]
  ignore line: [COLLECT_GCC_OPTIONS='-mlongcalls' '-Wno-frame-address' '-nostartfiles' '-nodefaultlibs' '-v' '-o' 'cmTC_3e168' '-dumpdir' 'cmTC_3e168.']
  link line: [ /opt/zephyr-sdk-0.16.5/xtensa-espressif_esp32_zephyr-elf/bin/../libexec/gcc/xtensa-espressif_esp32_zephyr-elf/12.2.0/collect2 -plugin /opt/zephyr-sdk-0.16.5/xtensa-espressif_esp32_zephyr-elf/bin/../libexec/gcc/xtensa-espressif_esp32_zephyr-elf/12.2.0/liblto_plugin.so -plugin-opt=/opt/zephyr-sdk-0.16.5/xtensa-espressif_esp32_zephyr-elf/bin/../libexec/gcc/xtensa-espressif_esp32_zephyr-elf/12.2.0/lto-wrapper -plugin-opt=-fresolution=/tmp/ccC3vFP8.res -o cmTC_3e168 -L/opt/zephyr-sdk-0.16.5/xtensa-espressif_esp32_zephyr-elf/bin/../lib/gcc/xtensa-espressif_esp32_zephyr-elf/12.2.0 -L/opt/zephyr-sdk-0.16.5/xtensa-espressif_esp32_zephyr-elf/bin/../lib/gcc -L/opt/zephyr-sdk-0.16.5/xtensa-espressif_esp32_zephyr-elf/bin/../lib/gcc/xtensa-espressif_esp32_zephyr-elf/12.2.0/../../../../xtensa-espressif_esp32_zephyr-elf/lib CMakeFiles/cmTC_3e168.dir/CMakeCCompilerABI.c.obj]
    arg [/opt/zephyr-sdk-0.16.5/xtensa-espressif_esp32_zephyr-elf/bin/../libexec/gcc/xtensa-espressif_esp32_zephyr-elf/12.2.0/collect2] ==> ignore
    arg [-plugin] ==> ignore
    arg [/opt/zephyr-sdk-0.16.5/xtensa-espressif_esp32_zephyr-elf/bin/../libexec/gcc/xtensa-espressif_esp32_zephyr-elf/12.2.0/liblto_plugin.so] ==> ignore
    arg [-plugin-opt=/opt/zephyr-sdk-0.16.5/xtensa-espressif_esp32_zephyr-elf/bin/../libexec/gcc/xtensa-espressif_esp32_zephyr-elf/12.2.0/lto-wrapper] ==> ignore
    arg [-plugin-opt=-fresolution=/tmp/ccC3vFP8.res] ==> ignore
    arg [-o] ==> ignore
    arg [cmTC_3e168] ==> ignore
    arg [-L/opt/zephyr-sdk-0.16.5/xtensa-espressif_esp32_zephyr-elf/bin/../lib/gcc/xtensa-espressif_esp32_zephyr-elf/12.2.0] ==> dir [/opt/zephyr-sdk-0.16.5/xtensa-espressif_esp32_zephyr-elf/bin/../lib/gcc/xtensa-espressif_esp32_zephyr-elf/12.2.0]
    arg [-L/opt/zephyr-sdk-0.16.5/xtensa-espressif_esp32_zephyr-elf/bin/../lib/gcc] ==> dir [/opt/zephyr-sdk-0.16.5/xtensa-espressif_esp32_zephyr-elf/bin/../lib/gcc]
    arg [-L/opt/zephyr-sdk-0.16.5/xtensa-espressif_esp32_zephyr-elf/bin/../lib/gcc/xtensa-espressif_esp32_zephyr-elf/12.2.0/../../../../xtensa-espressif_esp32_zephyr-elf/lib] ==> dir [/opt/zephyr-sdk-0.16.5/xtensa-espressif_esp32_zephyr-elf/bin/../lib/gcc/xtensa-espressif_esp32_zephyr-elf/12.2.0/../../../../xtensa-espressif_esp32_zephyr-elf/lib]
    arg [CMakeFiles/cmTC_3e168.dir/CMakeCCompilerABI.c.obj] ==> ignore
  collapse library dir [/opt/zephyr-sdk-0.16.5/xtensa-espressif_esp32_zephyr-elf/bin/../lib/gcc/xtensa-espressif_esp32_zephyr-elf/12.2.0] ==> [/opt/zephyr-sdk-0.16.5/xtensa-espressif_esp32_zephyr-elf/lib/gcc/xtensa-espressif_esp32_zephyr-elf/12.2.0]
  collapse library dir [/opt/zephyr-sdk-0.16.5/xtensa-espressif_esp32_zephyr-elf/bin/../lib/gcc] ==> [/opt/zephyr-sdk-0.16.5/xtensa-espressif_esp32_zephyr-elf/lib/gcc]
  collapse library dir [/opt/zephyr-sdk-0.16.5/xtensa-espressif_esp32_zephyr-elf/bin/../lib/gcc/xtensa-espressif_esp32_zephyr-elf/12.2.0/../../../../xtensa-espressif_esp32_zephyr-elf/lib] ==> [/opt/zephyr-sdk-0.16.5/xtensa-espressif_esp32_zephyr-elf/xtensa-espressif_esp32_zephyr-elf/lib]
  implicit libs: []
  implicit objs: []
  implicit dirs: [/opt/zephyr-sdk-0.16.5/xtensa-espressif_esp32_zephyr-elf/lib/gcc/xtensa-espressif_esp32_zephyr-elf/12.2.0;/opt/zephyr-sdk-0.16.5/xtensa-espressif_esp32_zephyr-elf/lib/gcc;/opt/zephyr-sdk-0.16.5/xtensa-espressif_esp32_zephyr-elf/xtensa-espressif_esp32_zephyr-elf/lib]
  implicit fwks: []


Detecting CXX compiler ABI info compiled with the following output:
Change Dir: /home/tejasmk-tkp/Documents/RTOS_Learn/build/esp-idf/build/bootloader/CMakeFiles/CMakeTmp

Run Build Command(s):/usr/bin/ninja cmTC_6e94c && [1/2] Building CXX object CMakeFiles/cmTC_6e94c.dir/CMakeCXXCompilerABI.cpp.obj
Using built-in specs.
COLLECT_GCC=/opt/zephyr-sdk-0.16.5/xtensa-espressif_esp32_zephyr-elf/bin/xtensa-espressif_esp32_zephyr-elf-g++
Target: xtensa-espressif_esp32_zephyr-elf
Configured with: /__w/_temp/workspace/build/.build/xtensa-espressif_esp32_zephyr-elf/src/gcc/configure --build=x86_64-build_pc-linux-gnu --host=x86_64-build_pc-linux-gnu --target=xtensa-espressif_esp32_zephyr-elf --prefix=/__w/_temp/workspace/output/xtensa-espressif_esp32_zephyr-elf --exec_prefix=/__w/_temp/workspace/output/xtensa-espressif_esp32_zephyr-elf --with-local-prefix=/__w/_temp/workspace/output/xtensa-espressif_esp32_zephyr-elf/xtensa-espressif_esp32_zephyr-elf --with-headers=/__w/_temp/workspace/output/xtensa-espressif_esp32_zephyr-elf/xtensa-espressif_esp32_zephyr-elf/include --with-newlib --enable-threads=no --disable-shared --with-pkgversion='Zephyr SDK 0.16.5' --with-bugurl=https://github.com/zephyrproject-rtos/sdk-ng/issues --enable-__cxa_atexit --disable-libgomp --disable-libmudflap --disable-libmpx --disable-libssp --disable-libquadmath --disable-libquadmath-support --disable-libstdcxx-verbose --with-gmp=/__w/_temp/workspace/build/.build/xtensa-espressif_esp32_zephyr-elf/buildtools --with-mpfr=/__w/_temp/workspace/build/.build/xtensa-espressif_esp32_zephyr-elf/buildtools --with-mpc=/__w/_temp/workspace/build/.build/xtensa-espressif_esp32_zephyr-elf/buildtools --with-isl=/__w/_temp/workspace/build/.build/xtensa-espressif_esp32_zephyr-elf/buildtools --enable-lto --enable-target-optspace --disable-nls --disable-tls --disable-multilib --enable-languages=c,c++ --with-gnu-ld --with-gnu-as --enable-initfini-array
Thread model: single
Supported LTO compression algorithms: zlib
gcc version 12.2.0 (Zephyr SDK 0.16.5) 
COLLECT_GCC_OPTIONS='-mlongcalls' '-Wno-frame-address' '-v' '-o' 'CMakeFiles/cmTC_6e94c.dir/CMakeCXXCompilerABI.cpp.obj' '-c' '-dumpdir' 'CMakeFiles/cmTC_6e94c.dir/'
 /opt/zephyr-sdk-0.16.5/xtensa-espressif_esp32_zephyr-elf/bin/../libexec/gcc/xtensa-espressif_esp32_zephyr-elf/12.2.0/cc1plus -quiet -v -iprefix /opt/zephyr-sdk-0.16.5/xtensa-espressif_esp32_zephyr-elf/bin/../lib/gcc/xtensa-espressif_esp32_zephyr-elf/12.2.0/ /usr/share/cmake-3.22/Modules/CMakeCXXCompilerABI.cpp -quiet -dumpdir CMakeFiles/cmTC_6e94c.dir/ -dumpbase CMakeCXXCompilerABI.cpp.cpp -dumpbase-ext .cpp -mlongcalls -Wno-frame-address -version -o /tmp/ccn1qHBb.s
GNU C++17 (Zephyr SDK 0.16.5) version 12.2.0 (xtensa-espressif_esp32_zephyr-elf)
	compiled by GNU C version 7.5.0, GMP version 6.2.1, MPFR version 4.1.0, MPC version 1.2.1, isl version isl-0.24-GMP

GGC heuristics: --param ggc-min-expand=100 --param ggc-min-heapsize=131072
ignoring duplicate directory "/opt/zephyr-sdk-0.16.5/xtensa-espressif_esp32_zephyr-elf/bin/../lib/gcc/../../lib/gcc/xtensa-espressif_esp32_zephyr-elf/12.2.0/../../../../xtensa-espressif_esp32_zephyr-elf/include/c++/12.2.0"
ignoring duplicate directory "/opt/zephyr-sdk-0.16.5/xtensa-espressif_esp32_zephyr-elf/bin/../lib/gcc/../../lib/gcc/xtensa-espressif_esp32_zephyr-elf/12.2.0/../../../../xtensa-espressif_esp32_zephyr-elf/include/c++/12.2.0/xtensa-espressif_esp32_zephyr-elf"
ignoring duplicate directory "/opt/zephyr-sdk-0.16.5/xtensa-espressif_esp32_zephyr-elf/bin/../lib/gcc/../../lib/gcc/xtensa-espressif_esp32_zephyr-elf/12.2.0/../../../../xtensa-espressif_esp32_zephyr-elf/include/c++/12.2.0/backward"
ignoring duplicate directory "/opt/zephyr-sdk-0.16.5/xtensa-espressif_esp32_zephyr-elf/bin/../lib/gcc/../../lib/gcc/xtensa-espressif_esp32_zephyr-elf/12.2.0/include"
ignoring duplicate directory "/opt/zephyr-sdk-0.16.5/xtensa-espressif_esp32_zephyr-elf/bin/../lib/gcc/../../lib/gcc/xtensa-espressif_esp32_zephyr-elf/12.2.0/include-fixed"
ignoring duplicate directory "/opt/zephyr-sdk-0.16.5/xtensa-espressif_esp32_zephyr-elf/bin/../lib/gcc/../../lib/gcc/xtensa-espressif_esp32_zephyr-elf/12.2.0/../../../../xtensa-espressif_esp32_zephyr-elf/sys-include"
ignoring duplicate directory "/opt/zephyr-sdk-0.16.5/xtensa-espressif_esp32_zephyr-elf/bin/../lib/gcc/../../lib/gcc/xtensa-espressif_esp32_zephyr-elf/12.2.0/../../../../xtensa-espressif_esp32_zephyr-elf/include"
#include "..." search starts here:
#include <...> search starts here:
 /opt/zephyr-sdk-0.16.5/xtensa-espressif_esp32_zephyr-elf/bin/../lib/gcc/xtensa-espressif_esp32_zephyr-elf/12.2.0/../../../../xtensa-espressif_esp32_zephyr-elf/include/c++/12.2.0
 /opt/zephyr-sdk-0.16.5/xtensa-espressif_esp32_zephyr-elf/bin/../lib/gcc/xtensa-espressif_esp32_zephyr-elf/12.2.0/../../../../xtensa-espressif_esp32_zephyr-elf/include/c++/12.2.0/xtensa-espressif_esp32_zephyr-elf
 /opt/zephyr-sdk-0.16.5/xtensa-espressif_esp32_zephyr-elf/bin/../lib/gcc/xtensa-espressif_esp32_zephyr-elf/12.2.0/../../../../xtensa-espressif_esp32_zephyr-elf/include/c++/12.2.0/backward
 /opt/zephyr-sdk-0.16.5/xtensa-espressif_esp32_zephyr-elf/bin/../lib/gcc/xtensa-espressif_esp32_zephyr-elf/12.2.0/include
 /opt/zephyr-sdk-0.16.5/xtensa-espressif_esp32_zephyr-elf/bin/../lib/gcc/xtensa-espressif_esp32_zephyr-elf/12.2.0/include-fixed
 /opt/zephyr-sdk-0.16.5/xtensa-espressif_esp32_zephyr-elf/bin/../lib/gcc/xtensa-espressif_esp32_zephyr-elf/12.2.0/../../../../xtensa-espressif_esp32_zephyr-elf/sys-include
 /opt/zephyr-sdk-0.16.5/xtensa-espressif_esp32_zephyr-elf/bin/../lib/gcc/xtensa-espressif_esp32_zephyr-elf/12.2.0/../../../../xtensa-espressif_esp32_zephyr-elf/include
End of search list.
GNU C++17 (Zephyr SDK 0.16.5) version 12.2.0 (xtensa-espressif_esp32_zephyr-elf)
	compiled by GNU C version 7.5.0, GMP version 6.2.1, MPFR version 4.1.0, MPC version 1.2.1, isl version isl-0.24-GMP

GGC heuristics: --param ggc-min-expand=100 --param ggc-min-heapsize=131072
Compiler executable checksum: 35261f8830af0d4465dac64675acd914
COLLECT_GCC_OPTIONS='-mlongcalls' '-Wno-frame-address' '-v' '-o' 'CMakeFiles/cmTC_6e94c.dir/CMakeCXXCompilerABI.cpp.obj' '-c' '-dumpdir' 'CMakeFiles/cmTC_6e94c.dir/'
 /opt/zephyr-sdk-0.16.5/xtensa-espressif_esp32_zephyr-elf/bin/../lib/gcc/xtensa-espressif_esp32_zephyr-elf/12.2.0/../../../../xtensa-espressif_esp32_zephyr-elf/bin/as -v --traditional-format --longcalls -o CMakeFiles/cmTC_6e94c.dir/CMakeCXXCompilerABI.cpp.obj /tmp/ccn1qHBb.s
GNU assembler version 2.38 (xtensa-espressif_esp32_zephyr-elf) using BFD version (Zephyr SDK 0.16.5) 2.38
COMPILER_PATH=/opt/zephyr-sdk-0.16.5/xtensa-espressif_esp32_zephyr-elf/bin/../libexec/gcc/xtensa-espressif_esp32_zephyr-elf/12.2.0/:/opt/zephyr-sdk-0.16.5/xtensa-espressif_esp32_zephyr-elf/bin/../libexec/gcc/:/opt/zephyr-sdk-0.16.5/xtensa-espressif_esp32_zephyr-elf/bin/../lib/gcc/xtensa-espressif_esp32_zephyr-elf/12.2.0/../../../../xtensa-espressif_esp32_zephyr-elf/bin/
LIBRARY_PATH=/opt/zephyr-sdk-0.16.5/xtensa-espressif_esp32_zephyr-elf/bin/../lib/gcc/xtensa-espressif_esp32_zephyr-elf/12.2.0/:/opt/zephyr-sdk-0.16.5/xtensa-espressif_esp32_zephyr-elf/bin/../lib/gcc/:/opt/zephyr-sdk-0.16.5/xtensa-espressif_esp32_zephyr-elf/bin/../lib/gcc/xtensa-espressif_esp32_zephyr-elf/12.2.0/../../../../xtensa-espressif_esp32_zephyr-elf/lib/
COLLECT_GCC_OPTIONS='-mlongcalls' '-Wno-frame-address' '-v' '-o' 'CMakeFiles/cmTC_6e94c.dir/CMakeCXXCompilerABI.cpp.obj' '-c' '-dumpdir' 'CMakeFiles/cmTC_6e94c.dir/CMakeCXXCompilerABI.cpp.'
[2/2] Linking CXX executable cmTC_6e94c
Using built-in specs.
COLLECT_GCC=/opt/zephyr-sdk-0.16.5/xtensa-espressif_esp32_zephyr-elf/bin/xtensa-espressif_esp32_zephyr-elf-g++
COLLECT_LTO_WRAPPER=/opt/zephyr-sdk-0.16.5/xtensa-espressif_esp32_zephyr-elf/bin/../libexec/gcc/xtensa-espressif_esp32_zephyr-elf/12.2.0/lto-wrapper
Target: xtensa-espressif_esp32_zephyr-elf
Configured with: /__w/_temp/workspace/build/.build/xtensa-espressif_esp32_zephyr-elf/src/gcc/configure --build=x86_64-build_pc-linux-gnu --host=x86_64-build_pc-linux-gnu --target=xtensa-espressif_esp32_zephyr-elf --prefix=/__w/_temp/workspace/output/xtensa-espressif_esp32_zephyr-elf --exec_prefix=/__w/_temp/workspace/output/xtensa-espressif_esp32_zephyr-elf --with-local-prefix=/__w/_temp/workspace/output/xtensa-espressif_esp32_zephyr-elf/xtensa-espressif_esp32_zephyr-elf --with-headers=/__w/_temp/workspace/output/xtensa-espressif_esp32_zephyr-elf/xtensa-espressif_esp32_zephyr-elf/include --with-newlib --enable-threads=no --disable-shared --with-pkgversion='Zephyr SDK 0.16.5' --with-bugurl=https://github.com/zephyrproject-rtos/sdk-ng/issues --enable-__cxa_atexit --disable-libgomp --disable-libmudflap --disable-libmpx --disable-libssp --disable-libquadmath --disable-libquadmath-support --disable-libstdcxx-verbose --with-gmp=/__w/_temp/workspace/build/.build/xtensa-espressif_esp32_zephyr-elf/buildtools --with-mpfr=/__w/_temp/workspace/build/.build/xtensa-espressif_esp32_zephyr-elf/buildtools --with-mpc=/__w/_temp/workspace/build/.build/xtensa-espressif_esp32_zephyr-elf/buildtools --with-isl=/__w/_temp/workspace/build/.build/xtensa-espressif_esp32_zephyr-elf/buildtools --enable-lto --enable-target-optspace --disable-nls --disable-tls --disable-multilib --enable-languages=c,c++ --with-gnu-ld --with-gnu-as --enable-initfini-array
Thread model: single
Supported LTO compression algorithms: zlib
gcc version 12.2.0 (Zephyr SDK 0.16.5) 
COMPILER_PATH=/opt/zephyr-sdk-0.16.5/xtensa-espressif_esp32_zephyr-elf/bin/../libexec/gcc/xtensa-espressif_esp32_zephyr-elf/12.2.0/:/opt/zephyr-sdk-0.16.5/xtensa-espressif_esp32_zephyr-elf/bin/../libexec/gcc/:/opt/zephyr-sdk-0.16.5/xtensa-espressif_esp32_zephyr-elf/bin/../lib/gcc/xtensa-espressif_esp32_zephyr-elf/12.2.0/../../../../xtensa-espressif_esp32_zephyr-elf/bin/
LIBRARY_PATH=/opt/zephyr-sdk-0.16.5/xtensa-espressif_esp32_zephyr-elf/bin/../lib/gcc/xtensa-espressif_esp32_zephyr-elf/12.2.0/:/opt/zephyr-sdk-0.16.5/xtensa-espressif_esp32_zephyr-elf/bin/../lib/gcc/:/opt/zephyr-sdk-0.16.5/xtensa-espressif_esp32_zephyr-elf/bin/../lib/gcc/xtensa-espressif_esp32_zephyr-elf/12.2.0/../../../../xtensa-espressif_esp32_zephyr-elf/lib/
COLLECT_GCC_OPTIONS='-mlongcalls' '-Wno-frame-address' '-nostartfiles' '-nodefaultlibs' '-v' '-o' 'cmTC_6e94c' '-dumpdir' 'cmTC_6e94c.'
 /opt/zephyr-sdk-0.16.5/xtensa-espressif_esp32_zephyr-elf/bin/../libexec/gcc/xtensa-espressif_esp32_zephyr-elf/12.2.0/collect2 -plugin /opt/zephyr-sdk-0.16.5/xtensa-espressif_esp32_zephyr-elf/bin/../libexec/gcc/xtensa-espressif_esp32_zephyr-elf/12.2.0/liblto_plugin.so -plugin-opt=/opt/zephyr-sdk-0.16.5/xtensa-espressif_esp32_zephyr-elf/bin/../libexec/gcc/xtensa-espressif_esp32_zephyr-elf/12.2.0/lto-wrapper -plugin-opt=-fresolution=/tmp/ccwvAxzX.res -o cmTC_6e94c -L/opt/zephyr-sdk-0.16.5/xtensa-espressif_esp32_zephyr-elf/bin/../lib/gcc/xtensa-espressif_esp32_zephyr-elf/12.2.0 -L/opt/zephyr-sdk-0.16.5/xtensa-espressif_esp32_zephyr-elf/bin/../lib/gcc -L/opt/zephyr-sdk-0.16.5/xtensa-espressif_esp32_zephyr-elf/bin/../lib/gcc/xtensa-espressif_esp32_zephyr-elf/12.2.0/../../../../xtensa-espressif_esp32_zephyr-elf/lib CMakeFiles/cmTC_6e94c.dir/CMakeCXXCompilerABI.cpp.obj
/opt/zephyr-sdk-0.16.5/xtensa-espressif_esp32_zephyr-elf/bin/../lib/gcc/xtensa-espressif_esp32_zephyr-elf/12.2.0/../../../../xtensa-espressif_esp32_zephyr-elf/bin/ld: warning: cannot find entry symbol _start; defaulting to 0000000000400054
COLLECT_GCC_OPTIONS='-mlongcalls' '-Wno-frame-address' '-nostartfiles' '-nodefaultlibs' '-v' '-o' 'cmTC_6e94c' '-dumpdir' 'cmTC_6e94c.'



Parsed CXX implicit include dir info from above output: rv=done
  found start of include info
  found start of implicit include info
    add: [/opt/zephyr-sdk-0.16.5/xtensa-espressif_esp32_zephyr-elf/bin/../lib/gcc/xtensa-espressif_esp32_zephyr-elf/12.2.0/../../../../xtensa-espressif_esp32_zephyr-elf/include/c++/12.2.0]
    add: [/opt/zephyr-sdk-0.16.5/xtensa-espressif_esp32_zephyr-elf/bin/../lib/gcc/xtensa-espressif_esp32_zephyr-elf/12.2.0/../../../../xtensa-espressif_esp32_zephyr-elf/include/c++/12.2.0/xtensa-espressif_esp32_zephyr-elf]
    add: [/opt/zephyr-sdk-0.16.5/xtensa-espressif_esp32_zephyr-elf/bin/../lib/gcc/xtensa-espressif_esp32_zephyr-elf/12.2.0/../../../../xtensa-espressif_esp32_zephyr-elf/include/c++/12.2.0/backward]
    add: [/opt/zephyr-sdk-0.16.5/xtensa-espressif_esp32_zephyr-elf/bin/../lib/gcc/xtensa-espressif_esp32_zephyr-elf/12.2.0/include]
    add: [/opt/zephyr-sdk-0.16.5/xtensa-espressif_esp32_zephyr-elf/bin/../lib/gcc/xtensa-espressif_esp32_zephyr-elf/12.2.0/include-fixed]
    add: [/opt/zephyr-sdk-0.16.5/xtensa-espressif_esp32_zephyr-elf/bin/../lib/gcc/xtensa-espressif_esp32_zephyr-elf/12.2.0/../../../../xtensa-espressif_esp32_zephyr-elf/sys-include]
    add: [/opt/zephyr-sdk-0.16.5/xtensa-espressif_esp32_zephyr-elf/bin/../lib/gcc/xtensa-espressif_esp32_zephyr-elf/12.2.0/../../../../xtensa-espressif_esp32_zephyr-elf/include]
  end of search list found
  collapse include dir [/opt/zephyr-sdk-0.16.5/xtensa-espressif_esp32_zephyr-elf/bin/../lib/gcc/xtensa-espressif_esp32_zephyr-elf/12.2.0/../../../../xtensa-espressif_esp32_zephyr-elf/include/c++/12.2.0] ==> [/opt/zephyr-sdk-0.16.5/xtensa-espressif_esp32_zephyr-elf/xtensa-espressif_esp32_zephyr-elf/include/c++/12.2.0]
  collapse include dir [/opt/zephyr-sdk-0.16.5/xtensa-espressif_esp32_zephyr-elf/bin/../lib/gcc/xtensa-espressif_esp32_zephyr-elf/12.2.0/../../../../xtensa-espressif_esp32_zephyr-elf/include/c++/12.2.0/xtensa-espressif_esp32_zephyr-elf] ==> [/opt/zephyr-sdk-0.16.5/xtensa-espressif_esp32_zephyr-elf/xtensa-espressif_esp32_zephyr-elf/include/c++/12.2.0/xtensa-espressif_esp32_zephyr-elf]
  collapse include dir [/opt/zephyr-sdk-0.16.5/xtensa-espressif_esp32_zephyr-elf/bin/../lib/gcc/xtensa-espressif_esp32_zephyr-elf/12.2.0/../../../../xtensa-espressif_esp32_zephyr-elf/include/c++/12.2.0/backward] ==> [/opt/zephyr-sdk-0.16.5/xtensa-espressif_esp32_zephyr-elf/xtensa-espressif_esp32_zephyr-elf/include/c++/12.2.0/backward]
  collapse include dir [/opt/zephyr-sdk-0.16.5/xtensa-espressif_esp32_zephyr-elf/bin/../lib/gcc/xtensa-espressif_esp32_zephyr-elf/12.2.0/include] ==> [/opt/zephyr-sdk-0.16.5/xtensa-espressif_esp32_zephyr-elf/lib/gcc/xtensa-espressif_esp32_zephyr-elf/12.2.0/include]
  collapse include dir [/opt/zephyr-sdk-0.16.5/xtensa-espressif_esp32_zephyr-elf/bin/../lib/gcc/xtensa-espressif_esp32_zephyr-elf/12.2.0/include-fixed] ==> [/opt/zephyr-sdk-0.16.5/xtensa-espressif_esp32_zephyr-elf/lib/gcc/xtensa-espressif_esp32_zephyr-elf/12.2.0/include-fixed]
  collapse include dir [/opt/zephyr-sdk-0.16.5/xtensa-espressif_esp32_zephyr-elf/bin/../lib/gcc/xtensa-espressif_esp32_zephyr-elf/12.2.0/../../../../xtensa-espressif_esp32_zephyr-elf/sys-include] ==> [/opt/zephyr-sdk-0.16.5/xtensa-espressif_esp32_zephyr-elf/xtensa-espressif_esp32_zephyr-elf/sys-include]
  collapse include dir [/opt/zephyr-sdk-0.16.5/xtensa-espressif_esp32_zephyr-elf/bin/../lib/gcc/xtensa-espressif_esp32_zephyr-elf/12.2.0/../../../../xtensa-espressif_esp32_zephyr-elf/include] ==> [/opt/zephyr-sdk-0.16.5/xtensa-espressif_esp32_zephyr-elf/xtensa-espressif_esp32_zephyr-elf/include]
  implicit include dirs: [/opt/zephyr-sdk-0.16.5/xtensa-espressif_esp32_zephyr-elf/xtensa-espressif_esp32_zephyr-elf/include/c++/12.2.0;/opt/zephyr-sdk-0.16.5/xtensa-espressif_esp32_zephyr-elf/xtensa-espressif_esp32_zephyr-elf/include/c++/12.2.0/xtensa-espressif_esp32_zephyr-elf;/opt/zephyr-sdk-0.16.5/xtensa-espressif_esp32_zephyr-elf/xtensa-espressif_esp32_zephyr-elf/include/c++/12.2.0/backward;/opt/zephyr-sdk-0.16.5/xtensa-espressif_esp32_zephyr-elf/lib/gcc/xtensa-espressif_esp32_zephyr-elf/12.2.0/include;/opt/zephyr-sdk-0.16.5/xtensa-espressif_esp32_zephyr-elf/lib/gcc/xtensa-espressif_esp32_zephyr-elf/12.2.0/include-fixed;/opt/zephyr-sdk-0.16.5/xtensa-espressif_esp32_zephyr-elf/xtensa-espressif_esp32_zephyr-elf/sys-include;/opt/zephyr-sdk-0.16.5/xtensa-espressif_esp32_zephyr-elf/xtensa-espressif_esp32_zephyr-elf/include]


Parsed CXX implicit link information from above output:
  link line regex: [^( *|.*[/\])(xtensa-espressif_esp32_zephyr-elf-ld|CMAKE_LINK_STARTFILE-NOTFOUND|([^/\]+-)?ld|collect2)[^/\]*( |$)]
  ignore line: [Change Dir: /home/tejasmk-tkp/Documents/RTOS_Learn/build/esp-idf/build/bootloader/CMakeFiles/CMakeTmp]
  ignore line: []
  ignore line: [Run Build Command(s):/usr/bin/ninja cmTC_6e94c && [1/2] Building CXX object CMakeFiles/cmTC_6e94c.dir/CMakeCXXCompilerABI.cpp.obj]
  ignore line: [Using built-in specs.]
  ignore line: [COLLECT_GCC=/opt/zephyr-sdk-0.16.5/xtensa-espressif_esp32_zephyr-elf/bin/xtensa-espressif_esp32_zephyr-elf-g++]
  ignore line: [Target: xtensa-espressif_esp32_zephyr-elf]
  ignore line: [Configured with: /__w/_temp/workspace/build/.build/xtensa-espressif_esp32_zephyr-elf/src/gcc/configure --build=x86_64-build_pc-linux-gnu --host=x86_64-build_pc-linux-gnu --target=xtensa-espressif_esp32_zephyr-elf --prefix=/__w/_temp/workspace/output/xtensa-espressif_esp32_zephyr-elf --exec_prefix=/__w/_temp/workspace/output/xtensa-espressif_esp32_zephyr-elf --with-local-prefix=/__w/_temp/workspace/output/xtensa-espressif_esp32_zephyr-elf/xtensa-espressif_esp32_zephyr-elf --with-headers=/__w/_temp/workspace/output/xtensa-espressif_esp32_zephyr-elf/xtensa-espressif_esp32_zephyr-elf/include --with-newlib --enable-threads=no --disable-shared --with-pkgversion='Zephyr SDK 0.16.5' --with-bugurl=https://github.com/zephyrproject-rtos/sdk-ng/issues --enable-__cxa_atexit --disable-libgomp --disable-libmudflap --disable-libmpx --disable-libssp --disable-libquadmath --disable-libquadmath-support --disable-libstdcxx-verbose --with-gmp=/__w/_temp/workspace/build/.build/xtensa-espressif_esp32_zephyr-elf/buildtools --with-mpfr=/__w/_temp/workspace/build/.build/xtensa-espressif_esp32_zephyr-elf/buildtools --with-mpc=/__w/_temp/workspace/build/.build/xtensa-espressif_esp32_zephyr-elf/buildtools --with-isl=/__w/_temp/workspace/build/.build/xtensa-espressif_esp32_zephyr-elf/buildtools --enable-lto --enable-target-optspace --disable-nls --disable-tls --disable-multilib --enable-languages=c,c++ --with-gnu-ld --with-gnu-as --enable-initfini-array]
  ignore line: [Thread model: single]
  ignore line: [Supported LTO compression algorithms: zlib]
  ignore line: [gcc version 12.2.0 (Zephyr SDK 0.16.5) ]
  ignore line: [COLLECT_GCC_OPTIONS='-mlongcalls' '-Wno-frame-address' '-v' '-o' 'CMakeFiles/cmTC_6e94c.dir/CMakeCXXCompilerABI.cpp.obj' '-c' '-dumpdir' 'CMakeFiles/cmTC_6e94c.dir/']
  ignore line: [ /opt/zephyr-sdk-0.16.5/xtensa-espressif_esp32_zephyr-elf/bin/../libexec/gcc/xtensa-espressif_esp32_zephyr-elf/12.2.0/cc1plus -quiet -v -iprefix /opt/zephyr-sdk-0.16.5/xtensa-espressif_esp32_zephyr-elf/bin/../lib/gcc/xtensa-espressif_esp32_zephyr-elf/12.2.0/ /usr/share/cmake-3.22/Modules/CMakeCXXCompilerABI.cpp -quiet -dumpdir CMakeFiles/cmTC_6e94c.dir/ -dumpbase CMakeCXXCompilerABI.cpp.cpp -dumpbase-ext .cpp -mlongcalls -Wno-frame-address -version -o /tmp/ccn1qHBb.s]
  ignore line: [GNU C++17 (Zephyr SDK 0.16.5) version 12.2.0 (xtensa-espressif_esp32_zephyr-elf)]
  ignore line: [	compiled by GNU C version 7.5.0  GMP version 6.2.1  MPFR version 4.1.0  MPC version 1.2.1  isl version isl-0.24-GMP]
  ignore line: []
  ignore line: [GGC heuristics: --param ggc-min-expand=100 --param ggc-min-heapsize=131072]
  ignore line: [ignoring duplicate directory "/opt/zephyr-sdk-0.16.5/xtensa-espressif_esp32_zephyr-elf/bin/../lib/gcc/../../lib/gcc/xtensa-espressif_esp32_zephyr-elf/12.2.0/../../../../xtensa-espressif_esp32_zephyr-elf/include/c++/12.2.0"]
  ignore line: [ignoring duplicate directory "/opt/zephyr-sdk-0.16.5/xtensa-espressif_esp32_zephyr-elf/bin/../lib/gcc/../../lib/gcc/xtensa-espressif_esp32_zephyr-elf/12.2.0/../../../../xtensa-espressif_esp32_zephyr-elf/include/c++/12.2.0/xtensa-espressif_esp32_zephyr-elf"]
  ignore line: [ignoring duplicate directory "/opt/zephyr-sdk-0.16.5/xtensa-espressif_esp32_zephyr-elf/bin/../lib/gcc/../../lib/gcc/xtensa-espressif_esp32_zephyr-elf/12.2.0/../../../../xtensa-espressif_esp32_zephyr-elf/include/c++/12.2.0/backward"]
  ignore line: [ignoring duplicate directory "/opt/zephyr-sdk-0.16.5/xtensa-espressif_esp32_zephyr-elf/bin/../lib/gcc/../../lib/gcc/xtensa-espressif_esp32_zephyr-elf/12.2.0/include"]
  ignore line: [ignoring duplicate directory "/opt/zephyr-sdk-0.16.5/xtensa-espressif_esp32_zephyr-elf/bin/../lib/gcc/../../lib/gcc/xtensa-espressif_esp32_zephyr-elf/12.2.0/include-fixed"]
  ignore line: [ignoring duplicate directory "/opt/zephyr-sdk-0.16.5/xtensa-espressif_esp32_zephyr-elf/bin/../lib/gcc/../../lib/gcc/xtensa-espressif_esp32_zephyr-elf/12.2.0/../../../../xtensa-espressif_esp32_zephyr-elf/sys-include"]
  ignore line: [ignoring duplicate directory "/opt/zephyr-sdk-0.16.5/xtensa-espressif_esp32_zephyr-elf/bin/../lib/gcc/../../lib/gcc/xtensa-espressif_esp32_zephyr-elf/12.2.0/../../../../xtensa-espressif_esp32_zephyr-elf/include"]
  ignore line: [#include "..." search starts here:]
  ignore line: [#include <...> search starts here:]
  ignore line: [ /opt/zephyr-sdk-0.16.5/xtensa-espressif_esp32_zephyr-elf/bin/../lib/gcc/xtensa-espressif_esp32_zephyr-elf/12.2.0/../../../../xtensa-espressif_esp32_zephyr-elf/include/c++/12.2.0]
  ignore line: [ /opt/zephyr-sdk-0.16.5/xtensa-espressif_esp32_zephyr-elf/bin/../lib/gcc/xtensa-espressif_esp32_zephyr-elf/12.2.0/../../../../xtensa-espressif_esp32_zephyr-elf/include/c++/12.2.0/xtensa-espressif_esp32_zephyr-elf]
  ignore line: [ /opt/zephyr-sdk-0.16.5/xtensa-espressif_esp32_zephyr-elf/bin/../lib/gcc/xtensa-espressif_esp32_zephyr-elf/12.2.0/../../../../xtensa-espressif_esp32_zephyr-elf/include/c++/12.2.0/backward]
  ignore line: [ /opt/zephyr-sdk-0.16.5/xtensa-espressif_esp32_zephyr-elf/bin/../lib/gcc/xtensa-espressif_esp32_zephyr-elf/12.2.0/include]
  ignore line: [ /opt/zephyr-sdk-0.16.5/xtensa-espressif_esp32_zephyr-elf/bin/../lib/gcc/xtensa-espressif_esp32_zephyr-elf/12.2.0/include-fixed]
  ignore line: [ /opt/zephyr-sdk-0.16.5/xtensa-espressif_esp32_zephyr-elf/bin/../lib/gcc/xtensa-espressif_esp32_zephyr-elf/12.2.0/../../../../xtensa-espressif_esp32_zephyr-elf/sys-include]
  ignore line: [ /opt/zephyr-sdk-0.16.5/xtensa-espressif_esp32_zephyr-elf/bin/../lib/gcc/xtensa-espressif_esp32_zephyr-elf/12.2.0/../../../../xtensa-espressif_esp32_zephyr-elf/include]
  ignore line: [End of search list.]
  ignore line: [GNU C++17 (Zephyr SDK 0.16.5) version 12.2.0 (xtensa-espressif_esp32_zephyr-elf)]
  ignore line: [	compiled by GNU C version 7.5.0  GMP version 6.2.1  MPFR version 4.1.0  MPC version 1.2.1  isl version isl-0.24-GMP]
  ignore line: []
  ignore line: [GGC heuristics: --param ggc-min-expand=100 --param ggc-min-heapsize=131072]
  ignore line: [Compiler executable checksum: 35261f8830af0d4465dac64675acd914]
  ignore line: [COLLECT_GCC_OPTIONS='-mlongcalls' '-Wno-frame-address' '-v' '-o' 'CMakeFiles/cmTC_6e94c.dir/CMakeCXXCompilerABI.cpp.obj' '-c' '-dumpdir' 'CMakeFiles/cmTC_6e94c.dir/']
  ignore line: [ /opt/zephyr-sdk-0.16.5/xtensa-espressif_esp32_zephyr-elf/bin/../lib/gcc/xtensa-espressif_esp32_zephyr-elf/12.2.0/../../../../xtensa-espressif_esp32_zephyr-elf/bin/as -v --traditional-format --longcalls -o CMakeFiles/cmTC_6e94c.dir/CMakeCXXCompilerABI.cpp.obj /tmp/ccn1qHBb.s]
  ignore line: [GNU assembler version 2.38 (xtensa-espressif_esp32_zephyr-elf) using BFD version (Zephyr SDK 0.16.5) 2.38]
  ignore line: [COMPILER_PATH=/opt/zephyr-sdk-0.16.5/xtensa-espressif_esp32_zephyr-elf/bin/../libexec/gcc/xtensa-espressif_esp32_zephyr-elf/12.2.0/:/opt/zephyr-sdk-0.16.5/xtensa-espressif_esp32_zephyr-elf/bin/../libexec/gcc/:/opt/zephyr-sdk-0.16.5/xtensa-espressif_esp32_zephyr-elf/bin/../lib/gcc/xtensa-espressif_esp32_zephyr-elf/12.2.0/../../../../xtensa-espressif_esp32_zephyr-elf/bin/]
  ignore line: [LIBRARY_PATH=/opt/zephyr-sdk-0.16.5/xtensa-espressif_esp32_zephyr-elf/bin/../lib/gcc/xtensa-espressif_esp32_zephyr-elf/12.2.0/:/opt/zephyr-sdk-0.16.5/xtensa-espressif_esp32_zephyr-elf/bin/../lib/gcc/:/opt/zephyr-sdk-0.16.5/xtensa-espressif_esp32_zephyr-elf/bin/../lib/gcc/xtensa-espressif_esp32_zephyr-elf/12.2.0/../../../../xtensa-espressif_esp32_zephyr-elf/lib/]
  ignore line: [COLLECT_GCC_OPTIONS='-mlongcalls' '-Wno-frame-address' '-v' '-o' 'CMakeFiles/cmTC_6e94c.dir/CMakeCXXCompilerABI.cpp.obj' '-c' '-dumpdir' 'CMakeFiles/cmTC_6e94c.dir/CMakeCXXCompilerABI.cpp.']
  ignore line: [[2/2] Linking CXX executable cmTC_6e94c]
  ignore line: [Using built-in specs.]
  ignore line: [COLLECT_GCC=/opt/zephyr-sdk-0.16.5/xtensa-espressif_esp32_zephyr-elf/bin/xtensa-espressif_esp32_zephyr-elf-g++]
  ignore line: [COLLECT_LTO_WRAPPER=/opt/zephyr-sdk-0.16.5/xtensa-espressif_esp32_zephyr-elf/bin/../libexec/gcc/xtensa-espressif_esp32_zephyr-elf/12.2.0/lto-wrapper]
  ignore line: [Target: xtensa-espressif_esp32_zephyr-elf]
  ignore line: [Configured with: /__w/_temp/workspace/build/.build/xtensa-espressif_esp32_zephyr-elf/src/gcc/configure --build=x86_64-build_pc-linux-gnu --host=x86_64-build_pc-linux-gnu --target=xtensa-espressif_esp32_zephyr-elf --prefix=/__w/_temp/workspace/output/xtensa-espressif_esp32_zephyr-elf --exec_prefix=/__w/_temp/workspace/output/xtensa-espressif_esp32_zephyr-elf --with-local-prefix=/__w/_temp/workspace/output/xtensa-espressif_esp32_zephyr-elf/xtensa-espressif_esp32_zephyr-elf --with-headers=/__w/_temp/workspace/output/xtensa-espressif_esp32_zephyr-elf/xtensa-espressif_esp32_zephyr-elf/include --with-newlib --enable-threads=no --disable-shared --with-pkgversion='Zephyr SDK 0.16.5' --with-bugurl=https://github.com/zephyrproject-rtos/sdk-ng/issues --enable-__cxa_atexit --disable-libgomp --disable-libmudflap --disable-libmpx --disable-libssp --disable-libquadmath --disable-libquadmath-support --disable-libstdcxx-verbose --with-gmp=/__w/_temp/workspace/build/.build/xtensa-espressif_esp32_zephyr-elf/buildtools --with-mpfr=/__w/_temp/workspace/build/.build/xtensa-espressif_esp32_zephyr-elf/buildtools --with-mpc=/__w/_temp/workspace/build/.build/xtensa-espressif_esp32_zephyr-elf/buildtools --with-isl=/__w/_temp/workspace/build/.build/xtensa-espressif_esp32_zephyr-elf/buildtools --enable-lto --enable-target-optspace --disable-nls --disable-tls --disable-multilib --enable-languages=c,c++ --with-gnu-ld --with-gnu-as --enable-initfini-array]
  ignore line: [Thread model: single]
  ignore line: [Supported LTO compression algorithms: zlib]
  ignore line: [gcc version 12.2.0 (Zephyr SDK 0.16.5) ]
  ignore line: [COMPILER_PATH=/opt/zephyr-sdk-0.16.5/xtensa-espressif_esp32_zephyr-elf/bin/../libexec/gcc/xtensa-espressif_esp32_zephyr-elf/12.2.0/:/opt/zephyr-sdk-0.16.5/xtensa-espressif_esp32_zephyr-elf/bin/../libexec/gcc/:/opt/zephyr-sdk-0.16.5/xtensa-espressif_esp32_zephyr-elf/bin/../lib/gcc/xtensa-espressif_esp32_zephyr-elf/12.2.0/../../../../xtensa-espressif_esp32_zephyr-elf/bin/]
  ignore line: [LIBRARY_PATH=/opt/zephyr-sdk-0.16.5/xtensa-espressif_esp32_zephyr-elf/bin/../lib/gcc/xtensa-espressif_esp32_zephyr-elf/12.2.0/:/opt/zephyr-sdk-0.16.5/xtensa-espressif_esp32_zephyr-elf/bin/../lib/gcc/:/opt/zephyr-sdk-0.16.5/xtensa-espressif_esp32_zephyr-elf/bin/../lib/gcc/xtensa-espressif_esp32_zephyr-elf/12.2.0/../../../../xtensa-espressif_esp32_zephyr-elf/lib/]
  ignore line: [COLLECT_GCC_OPTIONS='-mlongcalls' '-Wno-frame-address' '-nostartfiles' '-nodefaultlibs' '-v' '-o' 'cmTC_6e94c' '-dumpdir' 'cmTC_6e94c.']
  link line: [ /opt/zephyr-sdk-0.16.5/xtensa-espressif_esp32_zephyr-elf/bin/../libexec/gcc/xtensa-espressif_esp32_zephyr-elf/12.2.0/collect2 -plugin /opt/zephyr-sdk-0.16.5/xtensa-espressif_esp32_zephyr-elf/bin/../libexec/gcc/xtensa-espressif_esp32_zephyr-elf/12.2.0/liblto_plugin.so -plugin-opt=/opt/zephyr-sdk-0.16.5/xtensa-espressif_esp32_zephyr-elf/bin/../libexec/gcc/xtensa-espressif_esp32_zephyr-elf/12.2.0/lto-wrapper -plugin-opt=-fresolution=/tmp/ccwvAxzX.res -o cmTC_6e94c -L/opt/zephyr-sdk-0.16.5/xtensa-espressif_esp32_zephyr-elf/bin/../lib/gcc/xtensa-espressif_esp32_zephyr-elf/12.2.0 -L/opt/zephyr-sdk-0.16.5/xtensa-espressif_esp32_zephyr-elf/bin/../lib/gcc -L/opt/zephyr-sdk-0.16.5/xtensa-espressif_esp32_zephyr-elf/bin/../lib/gcc/xtensa-espressif_esp32_zephyr-elf/12.2.0/../../../../xtensa-espressif_esp32_zephyr-elf/lib CMakeFiles/cmTC_6e94c.dir/CMakeCXXCompilerABI.cpp.obj]
    arg [/opt/zephyr-sdk-0.16.5/xtensa-espressif_esp32_zephyr-elf/bin/../libexec/gcc/xtensa-espressif_esp32_zephyr-elf/12.2.0/collect2] ==> ignore
    arg [-plugin] ==> ignore
    arg [/opt/zephyr-sdk-0.16.5/xtensa-espressif_esp32_zephyr-elf/bin/../libexec/gcc/xtensa-espressif_esp32_zephyr-elf/12.2.0/liblto_plugin.so] ==> ignore
    arg [-plugin-opt=/opt/zephyr-sdk-0.16.5/xtensa-espressif_esp32_zephyr-elf/bin/../libexec/gcc/xtensa-espressif_esp32_zephyr-elf/12.2.0/lto-wrapper] ==> ignore
    arg [-plugin-opt=-fresolution=/tmp/ccwvAxzX.res] ==> ignore
    arg [-o] ==> ignore
    arg [cmTC_6e94c] ==> ignore
    arg [-L/opt/zephyr-sdk-0.16.5/xtensa-espressif_esp32_zephyr-elf/bin/../lib/gcc/xtensa-espressif_esp32_zephyr-elf/12.2.0] ==> dir [/opt/zephyr-sdk-0.16.5/xtensa-espressif_esp32_zephyr-elf/bin/../lib/gcc/xtensa-espressif_esp32_zephyr-elf/12.2.0]
    arg [-L/opt/zephyr-sdk-0.16.5/xtensa-espressif_esp32_zephyr-elf/bin/../lib/gcc] ==> dir [/opt/zephyr-sdk-0.16.5/xtensa-espressif_esp32_zephyr-elf/bin/../lib/gcc]
    arg [-L/opt/zephyr-sdk-0.16.5/xtensa-espressif_esp32_zephyr-elf/bin/../lib/gcc/xtensa-espressif_esp32_zephyr-elf/12.2.0/../../../../xtensa-espressif_esp32_zephyr-elf/lib] ==> dir [/opt/zephyr-sdk-0.16.5/xtensa-espressif_esp32_zephyr-elf/bin/../lib/gcc/xtensa-espressif_esp32_zephyr-elf/12.2.0/../../../../xtensa-espressif_esp32_zephyr-elf/lib]
    arg [CMakeFiles/cmTC_6e94c.dir/CMakeCXXCompilerABI.cpp.obj] ==> ignore
  collapse library dir [/opt/zephyr-sdk-0.16.5/xtensa-espressif_esp32_zephyr-elf/bin/../lib/gcc/xtensa-espressif_esp32_zephyr-elf/12.2.0] ==> [/opt/zephyr-sdk-0.16.5/xtensa-espressif_esp32_zephyr-elf/lib/gcc/xtensa-espressif_esp32_zephyr-elf/12.2.0]
  collapse library dir [/opt/zephyr-sdk-0.16.5/xtensa-espressif_esp32_zephyr-elf/bin/../lib/gcc] ==> [/opt/zephyr-sdk-0.16.5/xtensa-espressif_esp32_zephyr-elf/lib/gcc]
  collapse library dir [/opt/zephyr-sdk-0.16.5/xtensa-espressif_esp32_zephyr-elf/bin/../lib/gcc/xtensa-espressif_esp32_zephyr-elf/12.2.0/../../../../xtensa-espressif_esp32_zephyr-elf/lib] ==> [/opt/zephyr-sdk-0.16.5/xtensa-espressif_esp32_zephyr-elf/xtensa-espressif_esp32_zephyr-elf/lib]
  implicit libs: []
  implicit objs: []
  implicit dirs: [/opt/zephyr-sdk-0.16.5/xtensa-espressif_esp32_zephyr-elf/lib/gcc/xtensa-espressif_esp32_zephyr-elf/12.2.0;/opt/zephyr-sdk-0.16.5/xtensa-espressif_esp32_zephyr-elf/lib/gcc;/opt/zephyr-sdk-0.16.5/xtensa-espressif_esp32_zephyr-elf/xtensa-espressif_esp32_zephyr-elf/lib]
  implicit fwks: []


